<?xml version="1.0" encoding="UTF-8"?>
<!-- Generated by org.testng.reporters.JUnitXMLReporter -->
<testsuite ignored="1" hostname="QB-IPL-2965" failures="0" tests="4" name="RunOneMethod" time="37.558" errors="0" timestamp="2025-09-17T14:12:32 IST">
  <testcase classname="test.LoginTest" name="invalidLogin" time="2.301"/>
  <testcase classname="test.LoginTest" name="validLogin" time="1.096"/>
  <testcase classname="test.OrderTest" name="orderMultipleProductflow" time="9.859"/>
  <testcase classname="test.OrderTest" name="validCheckoutflow" time="9.253"/>
  <testcase classname="testComponents.BaseTest" name="@AfterSuite teardown" time="0.0">
    <ignored/>
  </testcase> <!-- @AfterSuite teardown -->
</testsuite> <!-- RunOneMethod -->
