<?xml version="1.0" encoding="UTF-8"?>
<testsuite xmlns:xsi="http://www.w3.org/2001/XMLSchema-instance" xsi:noNamespaceSchemaLocation="https://maven.apache.org/surefire/maven-surefire-plugin/xsd/surefire-test-report.xsd" version="3.0.2" name="TestSuite" time="37.864" tests="4" errors="0" skipped="0" failures="0">
  <properties>
[...]
</properties>
  <testcase name="invalidLogin" classname="test.LoginTest" time="2.303">
    <system-out><![CDATA[Screenshot folder initialized at: screenshots/2025-09-17/14-11-54
	Test Start :- test.LoginTest -> invalidLogin
		 Test Successful
]]></system-out>
  </testcase>
  <testcase name="validLogin" classname="test.LoginTest" time="1.095">
    <system-out><![CDATA[	Test Start :- test.LoginTest -> validLogin
		 Test Successful
]]></system-out>
  </testcase>
  <testcase name="orderMultipleProductflow" classname="test.OrderTest" time="9.859">
    <system-out><![CDATA[	Test Start :- test.OrderTest -> orderMultipleProductflow
		 Test Successful
]]></system-out>
  </testcase>
  <testcase name="validCheckoutflow" classname="test.OrderTest" time="9.254">
    <system-out><![CDATA[	Test Start :- test.OrderTest -> validCheckoutflow
		 Test Successful
]]></system-out>
  </testcase>
</testsuite>